Build started 2016/10/24 6:53:53 PM.
     1>Project "C:\Users\oswaldoernesto\Documents\GitHub\Compiladores\scanner\scanner\scanner.vcxproj" on node 2 (Rebuild target(s)).
     1>ClCompile:
         C:\Program Files (x86)\Microsoft Visual Studio 12.0\VC\bin\CL.exe /c /ZI /nologo /W3 /WX- /Od /Oy- /D _MBCS /D _MBCS /D _CRT_SECURE_NO_DEPRECATE /Gm /EHsc /RTC1 /MDd /GS /fp:precise /Zc:wchar_t /Zc:forScope /Fo"Debug\\" /Fd"Debug\vc120.pdb" /Gd /TP /analyze- /errorReport:prompt ..\fuentes\auxiliares.cpp ..\fuentes\lexico.cpp ..\fuentes\Parser.cpp ..\fuentes\pl0.cpp ..\fuentes\scanner.cpp ..\fuentes\tds.cpp
         tds.cpp
         scanner.cpp
         pl0.cpp
         Parser.cpp
     1>c:\users\oswaldoernesto\documents\github\compiladores\scanner\fuentes\parser.cpp(366): warning C4551: function call missing argument list
     1>c:\users\oswaldoernesto\documents\github\compiladores\scanner\fuentes\parser.cpp(499): warning C4102: 'floatTok' : unreferenced label
     1>c:\users\oswaldoernesto\documents\github\compiladores\scanner\fuentes\parser.cpp(499): warning C4102: 'fileTok' : unreferenced label
     1>c:\users\oswaldoernesto\documents\github\compiladores\scanner\fuentes\parser.cpp(499): warning C4102: 'stringTok' : unreferenced label
     1>c:\users\oswaldoernesto\documents\github\compiladores\scanner\fuentes\parser.cpp(498): warning C4102: 'charTok' : unreferenced label
     1>c:\users\oswaldoernesto\documents\github\compiladores\scanner\fuentes\parser.cpp(498): warning C4102: 'boolTok' : unreferenced label
     1>c:\users\oswaldoernesto\documents\github\compiladores\scanner\fuentes\parser.cpp(758): warning C4551: function call missing argument list
     1>c:\users\oswaldoernesto\documents\github\compiladores\scanner\fuentes\parser.cpp(771): warning C4551: function call missing argument list
         lexico.cpp
         auxiliares.cpp
         Generating Code...
       Link:
         C:\Program Files (x86)\Microsoft Visual Studio 12.0\VC\bin\link.exe /ERRORREPORT:PROMPT /OUT:"C:\Users\oswaldoernesto\Documents\GitHub\Compiladores\scanner\Debug\scanner.exe" /INCREMENTAL /NOLOGO kernel32.lib user32.lib gdi32.lib winspool.lib comdlg32.lib advapi32.lib shell32.lib ole32.lib oleaut32.lib uuid.lib odbc32.lib odbccp32.lib /MANIFEST /MANIFESTUAC:"level='asInvoker' uiAccess='false'" /manifest:embed /DEBUG /PDB:"C:\Users\oswaldoernesto\Documents\GitHub\Compiladores\scanner\Debug\scanner.pdb" /TLBID:1 /DYNAMICBASE /NXCOMPAT /IMPLIB:"C:\Users\oswaldoernesto\Documents\GitHub\Compiladores\scanner\Debug\scanner.lib" /MACHINE:X86 Debug\auxiliares.obj
         Debug\lexico.obj
         Debug\Parser.obj
         Debug\pl0.obj
         Debug\scanner.obj
         Debug\tds.obj
         scanner.vcxproj -> C:\Users\oswaldoernesto\Documents\GitHub\Compiladores\scanner\Debug\scanner.exe
     1>Done Building Project "C:\Users\oswaldoernesto\Documents\GitHub\Compiladores\scanner\scanner\scanner.vcxproj" (Rebuild target(s)).

Build succeeded.

Time Elapsed 00:00:00.72
